<?xml version="1.0" encoding="utf-8"?>
<coverage line-rate="0.7456999999999999" branch-rate="0.8087000000000001" version="1.9" timestamp="1569138336" lines-covered="654" lines-valid="877" branches-covered="389" branches-valid="481">
  <sources>
    <source></source>
  </sources>
  <packages>
    <package name="Aguacongas.Identity.Redis" line-rate="0.7456999999999999" branch-rate="0.8087000000000001" complexity="554">
      <classes>
        <class name="Aguacongas.Identity.Redis.RedisLogger" filename="C:\Projects\Perso\Identity.Redis\src\Aguacongas.Identity.Redis\RedisLogger.cs" line-rate="0" branch-rate="0" complexity="8">
          <methods>
            <method name="get_Encoding" signature="()" line-rate="0" branch-rate="1">
              <lines>
                <line number="17" hits="0" branch="False" />
              </lines>
            </method>
            <method name="WriteLine" signature="(System.String,System.Object)" line-rate="0" branch-rate="1">
              <lines>
                <line number="31" hits="0" branch="False" />
                <line number="32" hits="0" branch="False" />
              </lines>
            </method>
            <method name="WriteLine" signature="(System.String,System.Object,System.Object)" line-rate="0" branch-rate="1">
              <lines>
                <line number="37" hits="0" branch="False" />
                <line number="38" hits="0" branch="False" />
              </lines>
            </method>
            <method name="WriteLine" signature="(System.String,System.Object,System.Object,System.Object)" line-rate="0" branch-rate="1">
              <lines>
                <line number="43" hits="0" branch="False" />
                <line number="44" hits="0" branch="False" />
              </lines>
            </method>
            <method name="WriteLine" signature="(System.String,System.Object[])" line-rate="0" branch-rate="1">
              <lines>
                <line number="49" hits="0" branch="False" />
                <line number="50" hits="0" branch="False" />
              </lines>
            </method>
            <method name="WriteLine" signature="(System.String)" line-rate="0" branch-rate="1">
              <lines>
                <line number="55" hits="0" branch="False" />
                <line number="56" hits="0" branch="False" />
              </lines>
            </method>
            <method name=".ctor" signature="(Microsoft.Extensions.Logging.ILogger`1&lt;Aguacongas.Identity.Redis.RedisLogger&gt;)" line-rate="0" branch-rate="0">
              <lines>
                <line number="23" hits="0" branch="False" />
                <line number="25" hits="0" branch="True" condition-coverage="0% (0/2)">
                  <conditions>
                    <condition number="9" type="jump" coverage="0%" />
                  </conditions>
                </line>
                <line number="26" hits="0" branch="False" />
              </lines>
            </method>
          </methods>
          <lines>
            <line number="17" hits="0" branch="False" />
            <line number="31" hits="0" branch="False" />
            <line number="32" hits="0" branch="False" />
            <line number="37" hits="0" branch="False" />
            <line number="38" hits="0" branch="False" />
            <line number="43" hits="0" branch="False" />
            <line number="44" hits="0" branch="False" />
            <line number="49" hits="0" branch="False" />
            <line number="50" hits="0" branch="False" />
            <line number="55" hits="0" branch="False" />
            <line number="56" hits="0" branch="False" />
            <line number="23" hits="0" branch="False" />
            <line number="25" hits="0" branch="True" condition-coverage="0% (0/2)">
              <conditions>
                <condition number="9" type="jump" coverage="0%" />
              </conditions>
            </line>
            <line number="26" hits="0" branch="False" />
          </lines>
        </class>
        <class name="Aguacongas.Identity.Redis.RoleStore`1" filename="C:\Projects\Perso\Identity.Redis\src\Aguacongas.Identity.Redis\RoleStore.cs" line-rate="1" branch-rate="1" complexity="1">
          <methods>
            <method name=".ctor" signature="(StackExchange.Redis.IDatabase,Microsoft.AspNetCore.Identity.IdentityErrorDescriber)" line-rate="1" branch-rate="1">
              <lines>
                <line number="31" hits="42" branch="False" />
              </lines>
            </method>
          </methods>
          <lines>
            <line number="31" hits="42" branch="False" />
          </lines>
        </class>
        <class name="Aguacongas.Identity.Redis.RoleStore`2" filename="C:\Projects\Perso\Identity.Redis\src\Aguacongas.Identity.Redis\RoleStore.cs" line-rate="0" branch-rate="1" complexity="1">
          <methods>
            <method name=".ctor" signature="(StackExchange.Redis.IDatabase,Microsoft.AspNetCore.Identity.IdentityErrorDescriber)" line-rate="0" branch-rate="1">
              <lines>
                <line number="48" hits="0" branch="False" />
              </lines>
            </method>
          </methods>
          <lines>
            <line number="48" hits="0" branch="False" />
          </lines>
        </class>
        <class name="Aguacongas.Identity.Redis.RoleStore`4" filename="C:\Projects\Perso\Identity.Redis\src\Aguacongas.Identity.Redis\RoleStore.cs" line-rate="0.6734" branch-rate="0.5" complexity="27">
          <methods>
            <method name="get_Roles" signature="()" line-rate="1" branch-rate="1">
              <lines>
                <line number="81" hits="2" branch="False" />
                <line number="82" hits="26" branch="True" condition-coverage="100% (2/2)">
                  <conditions>
                    <condition number="28" type="jump" coverage="100%" />
                  </conditions>
                </line>
                <line number="83" hits="2" branch="False" />
              </lines>
            </method>
            <method name="get_ErrorDescriber" signature="()" line-rate="1" branch-rate="1">
              <lines>
                <line number="102" hits="21" branch="False" />
              </lines>
            </method>
            <method name="GetRoleIdAsync" signature="(TRole,System.Threading.CancellationToken)" line-rate="0.8" branch-rate="0.5">
              <lines>
                <line number="216" hits="29" branch="False" />
                <line number="217" hits="29" branch="False" />
                <line number="218" hits="29" branch="True" condition-coverage="50% (1/2)">
                  <conditions>
                    <condition number="19" type="jump" coverage="50%" />
                  </conditions>
                </line>
                <line number="220" hits="0" branch="False" />
                <line number="222" hits="29" branch="False" />
              </lines>
            </method>
            <method name="GetRoleNameAsync" signature="(TRole,System.Threading.CancellationToken)" line-rate="0.8" branch-rate="0.5">
              <lines>
                <line number="233" hits="154" branch="False" />
                <line number="234" hits="154" branch="False" />
                <line number="235" hits="154" branch="True" condition-coverage="50% (1/2)">
                  <conditions>
                    <condition number="19" type="jump" coverage="50%" />
                  </conditions>
                </line>
                <line number="237" hits="0" branch="False" />
                <line number="239" hits="154" branch="False" />
              </lines>
            </method>
            <method name="SetRoleNameAsync" signature="(TRole,System.String,System.Threading.CancellationToken)" line-rate="0.8332999999999999" branch-rate="0.5">
              <lines>
                <line number="251" hits="1" branch="False" />
                <line number="252" hits="1" branch="False" />
                <line number="253" hits="1" branch="True" condition-coverage="50% (1/2)">
                  <conditions>
                    <condition number="19" type="jump" coverage="50%" />
                  </conditions>
                </line>
                <line number="255" hits="0" branch="False" />
                <line number="257" hits="1" branch="False" />
                <line number="258" hits="1" branch="False" />
              </lines>
            </method>
            <method name="GetNormalizedRoleNameAsync" signature="(TRole,System.Threading.CancellationToken)" line-rate="0" branch-rate="0">
              <lines>
                <line number="311" hits="0" branch="False" />
                <line number="312" hits="0" branch="False" />
                <line number="313" hits="0" branch="True" condition-coverage="0% (0/2)">
                  <conditions>
                    <condition number="19" type="jump" coverage="0%" />
                  </conditions>
                </line>
                <line number="315" hits="0" branch="False" />
                <line number="317" hits="0" branch="False" />
              </lines>
            </method>
            <method name="SetNormalizedRoleNameAsync" signature="(TRole,System.String,System.Threading.CancellationToken)" line-rate="0.8332999999999999" branch-rate="0.5">
              <lines>
                <line number="329" hits="43" branch="False" />
                <line number="330" hits="43" branch="False" />
                <line number="331" hits="43" branch="True" condition-coverage="50% (1/2)">
                  <conditions>
                    <condition number="19" type="jump" coverage="50%" />
                  </conditions>
                </line>
                <line number="333" hits="0" branch="False" />
                <line number="335" hits="43" branch="False" />
                <line number="336" hits="43" branch="False" />
              </lines>
            </method>
            <method name="ThrowIfDisposed" signature="()" line-rate="0.6666" branch-rate="0.5">
              <lines>
                <line number="344" hits="366" branch="True" condition-coverage="50% (1/2)">
                  <conditions>
                    <condition number="6" type="jump" coverage="50%" />
                  </conditions>
                </line>
                <line number="346" hits="0" branch="False" />
                <line number="348" hits="366" branch="False" />
              </lines>
            </method>
            <method name="Dispose" signature="()" line-rate="0" branch-rate="1">
              <lines>
                <line number="353" hits="0" branch="False" />
              </lines>
            </method>
            <method name="CreateRoleClaim" signature="(TRole,System.Security.Claims.Claim)" line-rate="1" branch-rate="1">
              <lines>
                <line number="447" hits="6" branch="False" />
              </lines>
            </method>
            <method name="ConvertIdFromString" signature="(System.String)" line-rate="0" branch-rate="0">
              <lines>
                <line number="456" hits="0" branch="True" condition-coverage="0% (0/2)">
                  <conditions>
                    <condition number="1" type="jump" coverage="0%" />
                  </conditions>
                </line>
                <line number="458" hits="0" branch="False" />
                <line number="460" hits="0" branch="False" />
              </lines>
            </method>
            <method name="ConvertIdToString" signature="(TKey)" line-rate="0.6666" branch-rate="0.5">
              <lines>
                <line number="470" hits="98" branch="True" condition-coverage="50% (1/2)">
                  <conditions>
                    <condition number="25" type="jump" coverage="50%" />
                  </conditions>
                </line>
                <line number="472" hits="0" branch="False" />
                <line number="474" hits="98" branch="False" />
              </lines>
            </method>
            <method name="GetConcurrencyStamp" signature="(TRole)" line-rate="0.6666" branch-rate="0.5">
              <lines>
                <line number="492" hits="43" branch="True" condition-coverage="50% (1/2)">
                  <conditions>
                    <condition number="18" type="jump" coverage="50%" />
                  </conditions>
                </line>
                <line number="494" hits="43" branch="False" />
                <line number="496" hits="0" branch="False" />
              </lines>
            </method>
            <method name=".ctor" signature="(StackExchange.Redis.IDatabase,Microsoft.AspNetCore.Identity.IdentityErrorDescriber)" line-rate="1" branch-rate="0.75">
              <lines>
                <line number="93" hits="21" branch="False" />
                <line number="95" hits="21" branch="True" condition-coverage="50% (1/2)">
                  <conditions>
                    <condition number="9" type="jump" coverage="50%" />
                  </conditions>
                </line>
                <line number="96" hits="21" branch="True" condition-coverage="100% (2/2)">
                  <conditions>
                    <condition number="31" type="jump" coverage="100%" />
                  </conditions>
                </line>
                <line number="97" hits="21" branch="False" />
              </lines>
            </method>
          </methods>
          <lines>
            <line number="81" hits="2" branch="False" />
            <line number="82" hits="26" branch="True" condition-coverage="100% (2/2)">
              <conditions>
                <condition number="28" type="jump" coverage="100%" />
              </conditions>
            </line>
            <line number="83" hits="2" branch="False" />
            <line number="102" hits="21" branch="False" />
            <line number="216" hits="29" branch="False" />
            <line number="217" hits="29" branch="False" />
            <line number="218" hits="29" branch="True" condition-coverage="50% (1/2)">
              <conditions>
                <condition number="19" type="jump" coverage="50%" />
              </conditions>
            </line>
            <line number="220" hits="0" branch="False" />
            <line number="222" hits="29" branch="False" />
            <line number="233" hits="154" branch="False" />
            <line number="234" hits="154" branch="False" />
            <line number="235" hits="154" branch="True" condition-coverage="50% (1/2)">
              <conditions>
                <condition number="19" type="jump" coverage="50%" />
              </conditions>
            </line>
            <line number="237" hits="0" branch="False" />
            <line number="239" hits="154" branch="False" />
            <line number="251" hits="1" branch="False" />
            <line number="252" hits="1" branch="False" />
            <line number="253" hits="1" branch="True" condition-coverage="50% (1/2)">
              <conditions>
                <condition number="19" type="jump" coverage="50%" />
              </conditions>
            </line>
            <line number="255" hits="0" branch="False" />
            <line number="257" hits="1" branch="False" />
            <line number="258" hits="1" branch="False" />
            <line number="311" hits="0" branch="False" />
            <line number="312" hits="0" branch="False" />
            <line number="313" hits="0" branch="True" condition-coverage="0% (0/2)">
              <conditions>
                <condition number="19" type="jump" coverage="0%" />
              </conditions>
            </line>
            <line number="315" hits="0" branch="False" />
            <line number="317" hits="0" branch="False" />
            <line number="329" hits="43" branch="False" />
            <line number="330" hits="43" branch="False" />
            <line number="331" hits="43" branch="True" condition-coverage="50% (1/2)">
              <conditions>
                <condition number="19" type="jump" coverage="50%" />
              </conditions>
            </line>
            <line number="333" hits="0" branch="False" />
            <line number="335" hits="43" branch="False" />
            <line number="336" hits="43" branch="False" />
            <line number="344" hits="366" branch="True" condition-coverage="50% (1/2)">
              <conditions>
                <condition number="6" type="jump" coverage="50%" />
              </conditions>
            </line>
            <line number="346" hits="0" branch="False" />
            <line number="348" hits="366" branch="False" />
            <line number="353" hits="0" branch="False" />
            <line number="447" hits="6" branch="False" />
            <line number="456" hits="0" branch="True" condition-coverage="0% (0/2)">
              <conditions>
                <condition number="1" type="jump" coverage="0%" />
              </conditions>
            </line>
            <line number="458" hits="0" branch="False" />
            <line number="460" hits="0" branch="False" />
            <line number="470" hits="98" branch="True" condition-coverage="50% (1/2)">
              <conditions>
                <condition number="25" type="jump" coverage="50%" />
              </conditions>
            </line>
            <line number="472" hits="0" branch="False" />
            <line number="474" hits="98" branch="False" />
            <line number="492" hits="43" branch="True" condition-coverage="50% (1/2)">
              <conditions>
                <condition number="18" type="jump" coverage="50%" />
              </conditions>
            </line>
            <line number="494" hits="43" branch="False" />
            <line number="496" hits="0" branch="False" />
            <line number="93" hits="21" branch="False" />
            <line number="95" hits="21" branch="True" condition-coverage="50% (1/2)">
              <conditions>
                <condition number="9" type="jump" coverage="50%" />
              </conditions>
            </line>
            <line number="96" hits="21" branch="True" condition-coverage="100% (2/2)">
              <conditions>
                <condition number="31" type="jump" coverage="100%" />
              </conditions>
            </line>
            <line number="97" hits="21" branch="False" />
          </lines>
        </class>
        <class name="Aguacongas.Identity.Redis.RoleStore`4/&lt;&gt;c" filename="C:\Projects\Perso\Identity.Redis\src\Aguacongas.Identity.Redis\RoleStore.cs" line-rate="1" branch-rate="1" complexity="1">
          <methods>
            <method name="&lt;GetClaimsAsync&gt;b__26_0" signature="(TRoleClaim)" line-rate="1" branch-rate="1">
              <lines>
                <line number="376" hits="26" branch="False" />
              </lines>
            </method>
          </methods>
          <lines>
            <line number="376" hits="26" branch="False" />
          </lines>
        </class>
        <class name="Aguacongas.Identity.Redis.RoleStore`4/&lt;CreateAsync&gt;d__14" filename="C:\Projects\Perso\Identity.Redis\src\Aguacongas.Identity.Redis\RoleStore.cs" line-rate="0.6842" branch-rate="1" complexity="4">
          <methods>
            <method name="MoveNext" signature="()" line-rate="0.6842" branch-rate="1">
              <lines>
                <line number="112" hits="32" branch="False" />
                <line number="113" hits="32" branch="False" />
                <line number="114" hits="32" branch="True" condition-coverage="100% (1/1)">
                  <conditions>
                    <condition number="48" type="jump" coverage="100%" />
                  </conditions>
                </line>
                <line number="116" hits="0" branch="False" />
                <line number="119" hits="32" branch="False" />
                <line number="120" hits="32" branch="False" />
                <line number="122" hits="32" branch="False" />
                <line number="123" hits="32" branch="False" />
                <line number="125" hits="32" branch="False" />
                <line number="126" hits="32" branch="False" />
                <line number="127" hits="32" branch="False" />
                <line number="130" hits="32" branch="True" condition-coverage="100% (3/3)">
                  <conditions>
                    <condition number="298" type="jump" coverage="100%" />
                    <condition number="372" type="jump" coverage="100%" />
                  </conditions>
                </line>
                <line number="132" hits="0" branch="False" />
                <line number="133" hits="0" branch="False" />
                <line number="134" hits="0" branch="False" />
                <line number="135" hits="0" branch="False" />
                <line number="136" hits="0" branch="False" />
                <line number="139" hits="32" branch="False" />
                <line number="140" hits="32" branch="False" />
              </lines>
            </method>
          </methods>
          <lines>
            <line number="112" hits="32" branch="False" />
            <line number="113" hits="32" branch="False" />
            <line number="114" hits="32" branch="True" condition-coverage="100% (1/1)">
              <conditions>
                <condition number="48" type="jump" coverage="100%" />
              </conditions>
            </line>
            <line number="116" hits="0" branch="False" />
            <line number="119" hits="32" branch="False" />
            <line number="120" hits="32" branch="False" />
            <line number="122" hits="32" branch="False" />
            <line number="123" hits="32" branch="False" />
            <line number="125" hits="32" branch="False" />
            <line number="126" hits="32" branch="False" />
            <line number="127" hits="32" branch="False" />
            <line number="130" hits="32" branch="True" condition-coverage="100% (3/3)">
              <conditions>
                <condition number="298" type="jump" coverage="100%" />
                <condition number="372" type="jump" coverage="100%" />
              </conditions>
            </line>
            <line number="132" hits="0" branch="False" />
            <line number="133" hits="0" branch="False" />
            <line number="134" hits="0" branch="False" />
            <line number="135" hits="0" branch="False" />
            <line number="136" hits="0" branch="False" />
            <line number="139" hits="32" branch="False" />
            <line number="140" hits="32" branch="False" />
          </lines>
        </class>
        <class name="Aguacongas.Identity.Redis.RoleStore`4/&lt;UpdateAsync&gt;d__15" filename="C:\Projects\Perso\Identity.Redis\src\Aguacongas.Identity.Redis\RoleStore.cs" line-rate="0.8665999999999999" branch-rate="1" complexity="4">
          <methods>
            <method name="MoveNext" signature="()" line-rate="0.8665999999999999" branch-rate="1">
              <lines>
                <line number="150" hits="10" branch="False" />
                <line number="151" hits="10" branch="False" />
                <line number="152" hits="10" branch="True" condition-coverage="100% (1/1)">
                  <conditions>
                    <condition number="48" type="jump" coverage="100%" />
                  </conditions>
                </line>
                <line number="154" hits="0" branch="False" />
                <line number="157" hits="10" branch="False" />
                <line number="159" hits="10" branch="False" />
                <line number="160" hits="10" branch="False" />
                <line number="162" hits="10" branch="False" />
                <line number="163" hits="10" branch="False" />
                <line number="164" hits="10" branch="False" />
                <line number="167" hits="10" branch="True" condition-coverage="100% (3/3)">
                  <conditions>
                    <condition number="291" type="jump" coverage="100%" />
                    <condition number="365" type="jump" coverage="100%" />
                  </conditions>
                </line>
                <line number="169" hits="0" branch="False" />
                <line number="171" hits="10" branch="False" />
                <line number="173" hits="10" branch="False" />
                <line number="174" hits="10" branch="False" />
              </lines>
            </method>
          </methods>
          <lines>
            <line number="150" hits="10" branch="False" />
            <line number="151" hits="10" branch="False" />
            <line number="152" hits="10" branch="True" condition-coverage="100% (1/1)">
              <conditions>
                <condition number="48" type="jump" coverage="100%" />
              </conditions>
            </line>
            <line number="154" hits="0" branch="False" />
            <line number="157" hits="10" branch="False" />
            <line number="159" hits="10" branch="False" />
            <line number="160" hits="10" branch="False" />
            <line number="162" hits="10" branch="False" />
            <line number="163" hits="10" branch="False" />
            <line number="164" hits="10" branch="False" />
            <line number="167" hits="10" branch="True" condition-coverage="100% (3/3)">
              <conditions>
                <condition number="291" type="jump" coverage="100%" />
                <condition number="365" type="jump" coverage="100%" />
              </conditions>
            </line>
            <line number="169" hits="0" branch="False" />
            <line number="171" hits="10" branch="False" />
            <line number="173" hits="10" branch="False" />
            <line number="174" hits="10" branch="False" />
          </lines>
        </class>
        <class name="Aguacongas.Identity.Redis.RoleStore`4/&lt;DeleteAsync&gt;d__16" filename="C:\Projects\Perso\Identity.Redis\src\Aguacongas.Identity.Redis\RoleStore.cs" line-rate="0.8461" branch-rate="1" complexity="4">
          <methods>
            <method name="MoveNext" signature="()" line-rate="0.8461" branch-rate="1">
              <lines>
                <line number="184" hits="1" branch="False" />
                <line number="185" hits="1" branch="False" />
                <line number="186" hits="1" branch="True" condition-coverage="100% (1/1)">
                  <conditions>
                    <condition number="48" type="jump" coverage="100%" />
                  </conditions>
                </line>
                <line number="188" hits="0" branch="False" />
                <line number="191" hits="1" branch="False" />
                <line number="193" hits="1" branch="False" />
                <line number="194" hits="1" branch="False" />
                <line number="196" hits="1" branch="False" />
                <line number="197" hits="1" branch="False" />
                <line number="200" hits="1" branch="True" condition-coverage="100% (3/3)">
                  <conditions>
                    <condition number="223" type="jump" coverage="100%" />
                    <condition number="294" type="jump" coverage="100%" />
                  </conditions>
                </line>
                <line number="202" hits="0" branch="False" />
                <line number="205" hits="1" branch="False" />
                <line number="206" hits="1" branch="False" />
              </lines>
            </method>
          </methods>
          <lines>
            <line number="184" hits="1" branch="False" />
            <line number="185" hits="1" branch="False" />
            <line number="186" hits="1" branch="True" condition-coverage="100% (1/1)">
              <conditions>
                <condition number="48" type="jump" coverage="100%" />
              </conditions>
            </line>
            <line number="188" hits="0" branch="False" />
            <line number="191" hits="1" branch="False" />
            <line number="193" hits="1" branch="False" />
            <line number="194" hits="1" branch="False" />
            <line number="196" hits="1" branch="False" />
            <line number="197" hits="1" branch="False" />
            <line number="200" hits="1" branch="True" condition-coverage="100% (3/3)">
              <conditions>
                <condition number="223" type="jump" coverage="100%" />
                <condition number="294" type="jump" coverage="100%" />
              </conditions>
            </line>
            <line number="202" hits="0" branch="False" />
            <line number="205" hits="1" branch="False" />
            <line number="206" hits="1" branch="False" />
          </lines>
        </class>
        <class name="Aguacongas.Identity.Redis.RoleStore`4/&lt;FindByIdAsync&gt;d__20" filename="C:\Projects\Perso\Identity.Redis\src\Aguacongas.Identity.Redis\RoleStore.cs" line-rate="1" branch-rate="1" complexity="8">
          <methods>
            <method name="MoveNext" signature="()" line-rate="1" branch-rate="1">
              <lines>
                <line number="269" hits="20" branch="True" condition-coverage="100% (2/2)">
                  <conditions>
                    <condition number="19" type="jump" coverage="100%" />
                  </conditions>
                </line>
                <line number="270" hits="20" branch="False" />
                <line number="272" hits="20" branch="True" condition-coverage="100% (2/2)">
                  <conditions>
                    <condition number="88" type="jump" coverage="100%" />
                  </conditions>
                </line>
                <line number="273" hits="20" branch="True" condition-coverage="100% (2/2)">
                  <conditions>
                    <condition number="170" type="jump" coverage="100%" />
                  </conditions>
                </line>
                <line number="275" hits="19" branch="False" />
                <line number="276" hits="19" branch="True" condition-coverage="100% (2/2)">
                  <conditions>
                    <condition number="251" type="jump" coverage="100%" />
                  </conditions>
                </line>
                <line number="278" hits="19" branch="False" />
                <line number="280" hits="1" branch="False" />
                <line number="281" hits="20" branch="False" />
              </lines>
            </method>
          </methods>
          <lines>
            <line number="269" hits="20" branch="True" condition-coverage="100% (2/2)">
              <conditions>
                <condition number="19" type="jump" coverage="100%" />
              </conditions>
            </line>
            <line number="270" hits="20" branch="False" />
            <line number="272" hits="20" branch="True" condition-coverage="100% (2/2)">
              <conditions>
                <condition number="88" type="jump" coverage="100%" />
              </conditions>
            </line>
            <line number="273" hits="20" branch="True" condition-coverage="100% (2/2)">
              <conditions>
                <condition number="170" type="jump" coverage="100%" />
              </conditions>
            </line>
            <line number="275" hits="19" branch="False" />
            <line number="276" hits="19" branch="True" condition-coverage="100% (2/2)">
              <conditions>
                <condition number="251" type="jump" coverage="100%" />
              </conditions>
            </line>
            <line number="278" hits="19" branch="False" />
            <line number="280" hits="1" branch="False" />
            <line number="281" hits="20" branch="False" />
          </lines>
        </class>
        <class name="Aguacongas.Identity.Redis.RoleStore`4/&lt;FindByNameAsync&gt;d__21" filename="C:\Projects\Perso\Identity.Redis\src\Aguacongas.Identity.Redis\RoleStore.cs" line-rate="1" branch-rate="1" complexity="8">
          <methods>
            <method name="MoveNext" signature="()" line-rate="1" branch-rate="1">
              <lines>
                <line number="291" hits="59" branch="True" condition-coverage="100% (2/2)">
                  <conditions>
                    <condition number="19" type="jump" coverage="100%" />
                  </conditions>
                </line>
                <line number="292" hits="59" branch="False" />
                <line number="294" hits="59" branch="True" condition-coverage="100% (2/2)">
                  <conditions>
                    <condition number="88" type="jump" coverage="100%" />
                  </conditions>
                </line>
                <line number="295" hits="59" branch="True" condition-coverage="100% (2/2)">
                  <conditions>
                    <condition number="170" type="jump" coverage="100%" />
                  </conditions>
                </line>
                <line number="297" hits="41" branch="False" />
                <line number="300" hits="18" branch="True" condition-coverage="100% (2/2)">
                  <conditions>
                    <condition number="217" type="jump" coverage="100%" />
                  </conditions>
                </line>
                <line number="301" hits="59" branch="False" />
              </lines>
            </method>
          </methods>
          <lines>
            <line number="291" hits="59" branch="True" condition-coverage="100% (2/2)">
              <conditions>
                <condition number="19" type="jump" coverage="100%" />
              </conditions>
            </line>
            <line number="292" hits="59" branch="False" />
            <line number="294" hits="59" branch="True" condition-coverage="100% (2/2)">
              <conditions>
                <condition number="88" type="jump" coverage="100%" />
              </conditions>
            </line>
            <line number="295" hits="59" branch="True" condition-coverage="100% (2/2)">
              <conditions>
                <condition number="170" type="jump" coverage="100%" />
              </conditions>
            </line>
            <line number="297" hits="41" branch="False" />
            <line number="300" hits="18" branch="True" condition-coverage="100% (2/2)">
              <conditions>
                <condition number="217" type="jump" coverage="100%" />
              </conditions>
            </line>
            <line number="301" hits="59" branch="False" />
          </lines>
        </class>
        <class name="Aguacongas.Identity.Redis.RoleStore`4/&lt;GetClaimsAsync&gt;d__26" filename="C:\Projects\Perso\Identity.Redis\src\Aguacongas.Identity.Redis\RoleStore.cs" line-rate="0.7777" branch-rate="1" complexity="6">
          <methods>
            <method name="MoveNext" signature="()" line-rate="0.7777" branch-rate="1">
              <lines>
                <line number="363" hits="8" branch="False" />
                <line number="364" hits="8" branch="True" condition-coverage="100% (1/1)">
                  <conditions>
                    <condition number="37" type="jump" coverage="100%" />
                  </conditions>
                </line>
                <line number="366" hits="0" branch="False" />
                <line number="370" hits="8" branch="False" />
                <line number="372" hits="8" branch="True" condition-coverage="100% (2/2)">
                  <conditions>
                    <condition number="115" type="jump" coverage="100%" />
                  </conditions>
                </line>
                <line number="373" hits="8" branch="True" condition-coverage="100% (1/1)">
                  <conditions>
                    <condition number="198" type="jump" coverage="100%" />
                  </conditions>
                </line>
                <line number="375" hits="8" branch="False" />
                <line number="379" hits="0" branch="False" />
                <line number="380" hits="8" branch="False" />
              </lines>
            </method>
          </methods>
          <lines>
            <line number="363" hits="8" branch="False" />
            <line number="364" hits="8" branch="True" condition-coverage="100% (1/1)">
              <conditions>
                <condition number="37" type="jump" coverage="100%" />
              </conditions>
            </line>
            <line number="366" hits="0" branch="False" />
            <line number="370" hits="8" branch="False" />
            <line number="372" hits="8" branch="True" condition-coverage="100% (2/2)">
              <conditions>
                <condition number="115" type="jump" coverage="100%" />
              </conditions>
            </line>
            <line number="373" hits="8" branch="True" condition-coverage="100% (1/1)">
              <conditions>
                <condition number="198" type="jump" coverage="100%" />
              </conditions>
            </line>
            <line number="375" hits="8" branch="False" />
            <line number="379" hits="0" branch="False" />
            <line number="380" hits="8" branch="False" />
          </lines>
        </class>
        <class name="Aguacongas.Identity.Redis.RoleStore`4/&lt;AddClaimAsync&gt;d__27" filename="C:\Projects\Perso\Identity.Redis\src\Aguacongas.Identity.Redis\RoleStore.cs" line-rate="0.8181" branch-rate="1" complexity="8">
          <methods>
            <method name="MoveNext" signature="()" line-rate="0.8181" branch-rate="1">
              <lines>
                <line number="391" hits="6" branch="True" condition-coverage="100% (2/2)">
                  <conditions>
                    <condition number="19" type="jump" coverage="100%" />
                  </conditions>
                </line>
                <line number="392" hits="6" branch="True" condition-coverage="100% (1/1)">
                  <conditions>
                    <condition number="41" type="jump" coverage="100%" />
                  </conditions>
                </line>
                <line number="394" hits="0" branch="False" />
                <line number="396" hits="6" branch="True" condition-coverage="100% (1/1)">
                  <conditions>
                    <condition number="60" type="jump" coverage="100%" />
                  </conditions>
                </line>
                <line number="398" hits="0" branch="False" />
                <line number="401" hits="6" branch="True" condition-coverage="100% (2/2)">
                  <conditions>
                    <condition number="99" type="jump" coverage="100%" />
                  </conditions>
                </line>
                <line number="403" hits="6" branch="False" />
                <line number="405" hits="6" branch="False" />
                <line number="407" hits="6" branch="True" condition-coverage="100% (2/2)">
                  <conditions>
                    <condition number="353" type="jump" coverage="100%" />
                  </conditions>
                </line>
                <line number="408" hits="6" branch="False" />
                <line number="409" hits="6" branch="False" />
              </lines>
            </method>
          </methods>
          <lines>
            <line number="391" hits="6" branch="True" condition-coverage="100% (2/2)">
              <conditions>
                <condition number="19" type="jump" coverage="100%" />
              </conditions>
            </line>
            <line number="392" hits="6" branch="True" condition-coverage="100% (1/1)">
              <conditions>
                <condition number="41" type="jump" coverage="100%" />
              </conditions>
            </line>
            <line number="394" hits="0" branch="False" />
            <line number="396" hits="6" branch="True" condition-coverage="100% (1/1)">
              <conditions>
                <condition number="60" type="jump" coverage="100%" />
              </conditions>
            </line>
            <line number="398" hits="0" branch="False" />
            <line number="401" hits="6" branch="True" condition-coverage="100% (2/2)">
              <conditions>
                <condition number="99" type="jump" coverage="100%" />
              </conditions>
            </line>
            <line number="403" hits="6" branch="False" />
            <line number="405" hits="6" branch="False" />
            <line number="407" hits="6" branch="True" condition-coverage="100% (2/2)">
              <conditions>
                <condition number="353" type="jump" coverage="100%" />
              </conditions>
            </line>
            <line number="408" hits="6" branch="False" />
            <line number="409" hits="6" branch="False" />
          </lines>
        </class>
        <class name="Aguacongas.Identity.Redis.RoleStore`4/&lt;&gt;c__DisplayClass28_0" filename="C:\Projects\Perso\Identity.Redis\src\Aguacongas.Identity.Redis\RoleStore.cs" line-rate="1" branch-rate="1" complexity="2">
          <methods>
            <method name="&lt;RemoveClaimAsync&gt;b__0" signature="(TRoleClaim)" line-rate="1" branch-rate="1">
              <lines>
                <line number="432" hits="9" branch="True" condition-coverage="100% (2/2)">
                  <conditions>
                    <condition number="27" type="jump" coverage="100%" />
                  </conditions>
                </line>
              </lines>
            </method>
          </methods>
          <lines>
            <line number="432" hits="9" branch="True" condition-coverage="100% (2/2)">
              <conditions>
                <condition number="27" type="jump" coverage="100%" />
              </conditions>
            </line>
          </lines>
        </class>
        <class name="Aguacongas.Identity.Redis.RoleStore`4/&lt;RemoveClaimAsync&gt;d__28" filename="C:\Projects\Perso\Identity.Redis\src\Aguacongas.Identity.Redis\RoleStore.cs" line-rate="0.8" branch-rate="1" complexity="8">
          <methods>
            <method name="MoveNext" signature="()" line-rate="0.8" branch-rate="1">
              <lines>
                <line number="420" hits="3" branch="True" condition-coverage="100% (2/2)">
                  <conditions>
                    <condition number="22" type="jump" coverage="100%" />
                  </conditions>
                </line>
                <line number="421" hits="3" branch="True" condition-coverage="100% (1/1)">
                  <conditions>
                    <condition number="72" type="jump" coverage="100%" />
                  </conditions>
                </line>
                <line number="423" hits="0" branch="False" />
                <line number="425" hits="3" branch="True" condition-coverage="100% (1/1)">
                  <conditions>
                    <condition number="96" type="jump" coverage="100%" />
                  </conditions>
                </line>
                <line number="427" hits="0" branch="False" />
                <line number="430" hits="3" branch="True" condition-coverage="100% (2/2)">
                  <conditions>
                    <condition number="135" type="jump" coverage="100%" />
                  </conditions>
                </line>
                <line number="434" hits="3" branch="False" />
                <line number="436" hits="3" branch="True" condition-coverage="100% (2/2)">
                  <conditions>
                    <condition number="377" type="jump" coverage="100%" />
                  </conditions>
                </line>
                <line number="437" hits="3" branch="False" />
                <line number="438" hits="3" branch="False" />
              </lines>
            </method>
          </methods>
          <lines>
            <line number="420" hits="3" branch="True" condition-coverage="100% (2/2)">
              <conditions>
                <condition number="22" type="jump" coverage="100%" />
              </conditions>
            </line>
            <line number="421" hits="3" branch="True" condition-coverage="100% (1/1)">
              <conditions>
                <condition number="72" type="jump" coverage="100%" />
              </conditions>
            </line>
            <line number="423" hits="0" branch="False" />
            <line number="425" hits="3" branch="True" condition-coverage="100% (1/1)">
              <conditions>
                <condition number="96" type="jump" coverage="100%" />
              </conditions>
            </line>
            <line number="427" hits="0" branch="False" />
            <line number="430" hits="3" branch="True" condition-coverage="100% (2/2)">
              <conditions>
                <condition number="135" type="jump" coverage="100%" />
              </conditions>
            </line>
            <line number="434" hits="3" branch="False" />
            <line number="436" hits="3" branch="True" condition-coverage="100% (2/2)">
              <conditions>
                <condition number="377" type="jump" coverage="100%" />
              </conditions>
            </line>
            <line number="437" hits="3" branch="False" />
            <line number="438" hits="3" branch="False" />
          </lines>
        </class>
        <class name="Aguacongas.Identity.Redis.RoleStore`4/&lt;GetRoleClaimsAsync&gt;d__32" filename="C:\Projects\Perso\Identity.Redis\src\Aguacongas.Identity.Redis\RoleStore.cs" line-rate="1" branch-rate="1" complexity="4">
          <methods>
            <method name="MoveNext" signature="()" line-rate="1" branch-rate="1">
              <lines>
                <line number="479" hits="9" branch="False" />
                <line number="481" hits="9" branch="True" condition-coverage="100% (2/2)">
                  <conditions>
                    <condition number="82" type="jump" coverage="100%" />
                  </conditions>
                </line>
                <line number="482" hits="9" branch="True" condition-coverage="100% (2/2)">
                  <conditions>
                    <condition number="162" type="jump" coverage="100%" />
                  </conditions>
                </line>
                <line number="484" hits="7" branch="False" />
                <line number="487" hits="2" branch="False" />
                <line number="488" hits="9" branch="False" />
              </lines>
            </method>
          </methods>
          <lines>
            <line number="479" hits="9" branch="False" />
            <line number="481" hits="9" branch="True" condition-coverage="100% (2/2)">
              <conditions>
                <condition number="82" type="jump" coverage="100%" />
              </conditions>
            </line>
            <line number="482" hits="9" branch="True" condition-coverage="100% (2/2)">
              <conditions>
                <condition number="162" type="jump" coverage="100%" />
              </conditions>
            </line>
            <line number="484" hits="7" branch="False" />
            <line number="487" hits="2" branch="False" />
            <line number="488" hits="9" branch="False" />
          </lines>
        </class>
        <class name="Aguacongas.Identity.Redis.RedisUserStoreBase`5" filename="C:\Projects\Perso\Identity.Redis\src\Aguacongas.Identity.Redis\Stores\UserStoreBase.cs" line-rate="0.7687999999999999" branch-rate="0.4677" complexity="72">
          <methods>
            <method name="get_ErrorDescriber" signature="()" line-rate="1" branch-rate="1">
              <lines>
                <line number="50" hits="192" branch="False" />
              </lines>
            </method>
            <method name="SetUserNameAsync" signature="(TUser,System.String,System.Threading.CancellationToken)" line-rate="0.8332999999999999" branch-rate="0.5">
              <lines>
                <line number="227" hits="5" branch="False" />
                <line number="228" hits="5" branch="False" />
                <line number="229" hits="5" branch="True" condition-coverage="50% (1/2)">
                  <conditions>
                    <condition number="19" type="jump" coverage="50%" />
                  </conditions>
                </line>
                <line number="231" hits="0" branch="False" />
                <line number="233" hits="5" branch="False" />
                <line number="234" hits="5" branch="False" />
              </lines>
            </method>
            <method name="GetUserIdAsync" signature="(TUser,System.Threading.CancellationToken)" line-rate="0.8" branch-rate="0.5">
              <lines>
                <line number="245" hits="467" branch="False" />
                <line number="246" hits="467" branch="False" />
                <line number="247" hits="467" branch="True" condition-coverage="50% (1/2)">
                  <conditions>
                    <condition number="19" type="jump" coverage="50%" />
                  </conditions>
                </line>
                <line number="249" hits="0" branch="False" />
                <line number="252" hits="467" branch="False" />
              </lines>
            </method>
            <method name="GetUserNameAsync" signature="(TUser,System.Threading.CancellationToken)" line-rate="0.8" branch-rate="0.5">
              <lines>
                <line number="263" hits="579" branch="False" />
                <line number="264" hits="579" branch="False" />
                <line number="265" hits="579" branch="True" condition-coverage="50% (1/2)">
                  <conditions>
                    <condition number="19" type="jump" coverage="50%" />
                  </conditions>
                </line>
                <line number="267" hits="0" branch="False" />
                <line number="269" hits="579" branch="False" />
              </lines>
            </method>
            <method name="GetNormalizedUserNameAsync" signature="(TUser,System.Threading.CancellationToken)" line-rate="0" branch-rate="0">
              <lines>
                <line number="280" hits="0" branch="False" />
                <line number="281" hits="0" branch="False" />
                <line number="282" hits="0" branch="True" condition-coverage="0% (0/2)">
                  <conditions>
                    <condition number="19" type="jump" coverage="0%" />
                  </conditions>
                </line>
                <line number="284" hits="0" branch="False" />
                <line number="286" hits="0" branch="False" />
              </lines>
            </method>
            <method name="SetPasswordHashAsync" signature="(TUser,System.String,System.Threading.CancellationToken)" line-rate="0.8332999999999999" branch-rate="0.5">
              <lines>
                <line number="298" hits="17" branch="False" />
                <line number="299" hits="17" branch="False" />
                <line number="300" hits="17" branch="True" condition-coverage="50% (1/2)">
                  <conditions>
                    <condition number="19" type="jump" coverage="50%" />
                  </conditions>
                </line>
                <line number="302" hits="0" branch="False" />
                <line number="304" hits="17" branch="False" />
                <line number="305" hits="17" branch="False" />
              </lines>
            </method>
            <method name="GetPasswordHashAsync" signature="(TUser,System.Threading.CancellationToken)" line-rate="0.8" branch-rate="0.5">
              <lines>
                <line number="316" hits="22" branch="False" />
                <line number="317" hits="22" branch="False" />
                <line number="318" hits="22" branch="True" condition-coverage="50% (1/2)">
                  <conditions>
                    <condition number="19" type="jump" coverage="50%" />
                  </conditions>
                </line>
                <line number="320" hits="0" branch="False" />
                <line number="322" hits="22" branch="False" />
              </lines>
            </method>
            <method name="HasPasswordAsync" signature="(TUser,System.Threading.CancellationToken)" line-rate="1" branch-rate="1">
              <lines>
                <line number="334" hits="5" branch="False" />
                <line number="335" hits="5" branch="False" />
              </lines>
            </method>
            <method name="GetEmailConfirmedAsync" signature="(TUser,System.Threading.CancellationToken)" line-rate="0.8" branch-rate="0.5">
              <lines>
                <line number="372" hits="21" branch="False" />
                <line number="373" hits="21" branch="False" />
                <line number="374" hits="21" branch="True" condition-coverage="50% (1/2)">
                  <conditions>
                    <condition number="19" type="jump" coverage="50%" />
                  </conditions>
                </line>
                <line number="376" hits="0" branch="False" />
                <line number="378" hits="21" branch="False" />
              </lines>
            </method>
            <method name="SetEmailConfirmedAsync" signature="(TUser,System.Boolean,System.Threading.CancellationToken)" line-rate="0.8332999999999999" branch-rate="0.5">
              <lines>
                <line number="390" hits="21" branch="False" />
                <line number="391" hits="21" branch="False" />
                <line number="392" hits="21" branch="True" condition-coverage="50% (1/2)">
                  <conditions>
                    <condition number="19" type="jump" coverage="50%" />
                  </conditions>
                </line>
                <line number="394" hits="0" branch="False" />
                <line number="396" hits="21" branch="False" />
                <line number="397" hits="21" branch="False" />
              </lines>
            </method>
            <method name="SetEmailAsync" signature="(TUser,System.String,System.Threading.CancellationToken)" line-rate="0.8332999999999999" branch-rate="0.5">
              <lines>
                <line number="409" hits="18" branch="False" />
                <line number="410" hits="18" branch="False" />
                <line number="411" hits="18" branch="True" condition-coverage="50% (1/2)">
                  <conditions>
                    <condition number="19" type="jump" coverage="50%" />
                  </conditions>
                </line>
                <line number="413" hits="0" branch="False" />
                <line number="415" hits="18" branch="False" />
                <line number="416" hits="18" branch="False" />
              </lines>
            </method>
            <method name="GetEmailAsync" signature="(TUser,System.Threading.CancellationToken)" line-rate="0.8" branch-rate="0.5">
              <lines>
                <line number="427" hits="311" branch="False" />
                <line number="428" hits="311" branch="False" />
                <line number="429" hits="311" branch="True" condition-coverage="50% (1/2)">
                  <conditions>
                    <condition number="19" type="jump" coverage="50%" />
                  </conditions>
                </line>
                <line number="431" hits="0" branch="False" />
                <line number="433" hits="311" branch="False" />
              </lines>
            </method>
            <method name="GetNormalizedEmailAsync" signature="(TUser,System.Threading.CancellationToken)" line-rate="0" branch-rate="0">
              <lines>
                <line number="446" hits="0" branch="False" />
                <line number="447" hits="0" branch="False" />
                <line number="448" hits="0" branch="True" condition-coverage="0% (0/2)">
                  <conditions>
                    <condition number="19" type="jump" coverage="0%" />
                  </conditions>
                </line>
                <line number="450" hits="0" branch="False" />
                <line number="452" hits="0" branch="False" />
              </lines>
            </method>
            <method name="GetLockoutEndDateAsync" signature="(TUser,System.Threading.CancellationToken)" line-rate="0.8" branch-rate="0.5">
              <lines>
                <line number="467" hits="30" branch="False" />
                <line number="468" hits="30" branch="False" />
                <line number="469" hits="30" branch="True" condition-coverage="50% (1/2)">
                  <conditions>
                    <condition number="19" type="jump" coverage="50%" />
                  </conditions>
                </line>
                <line number="471" hits="0" branch="False" />
                <line number="473" hits="30" branch="False" />
              </lines>
            </method>
            <method name="SetLockoutEndDateAsync" signature="(TUser,System.Nullable`1&lt;System.DateTimeOffset&gt;,System.Threading.CancellationToken)" line-rate="0.8332999999999999" branch-rate="0.5">
              <lines>
                <line number="485" hits="8" branch="False" />
                <line number="486" hits="8" branch="False" />
                <line number="487" hits="8" branch="True" condition-coverage="50% (1/2)">
                  <conditions>
                    <condition number="19" type="jump" coverage="50%" />
                  </conditions>
                </line>
                <line number="489" hits="0" branch="False" />
                <line number="491" hits="8" branch="False" />
                <line number="492" hits="8" branch="False" />
              </lines>
            </method>
            <method name="IncrementAccessFailedCountAsync" signature="(TUser,System.Threading.CancellationToken)" line-rate="0.8332999999999999" branch-rate="0.5">
              <lines>
                <line number="503" hits="7" branch="False" />
                <line number="504" hits="7" branch="False" />
                <line number="505" hits="7" branch="True" condition-coverage="50% (1/2)">
                  <conditions>
                    <condition number="19" type="jump" coverage="50%" />
                  </conditions>
                </line>
                <line number="507" hits="0" branch="False" />
                <line number="509" hits="7" branch="False" />
                <line number="510" hits="7" branch="False" />
              </lines>
            </method>
            <method name="ResetAccessFailedCountAsync" signature="(TUser,System.Threading.CancellationToken)" line-rate="0.8332999999999999" branch-rate="0.5">
              <lines>
                <line number="522" hits="4" branch="False" />
                <line number="523" hits="4" branch="False" />
                <line number="524" hits="4" branch="True" condition-coverage="50% (1/2)">
                  <conditions>
                    <condition number="19" type="jump" coverage="50%" />
                  </conditions>
                </line>
                <line number="526" hits="0" branch="False" />
                <line number="528" hits="4" branch="False" />
                <line number="529" hits="4" branch="False" />
              </lines>
            </method>
            <method name="GetAccessFailedCountAsync" signature="(TUser,System.Threading.CancellationToken)" line-rate="0.8" branch-rate="0.5">
              <lines>
                <line number="540" hits="9" branch="False" />
                <line number="541" hits="9" branch="False" />
                <line number="542" hits="9" branch="True" condition-coverage="50% (1/2)">
                  <conditions>
                    <condition number="19" type="jump" coverage="50%" />
                  </conditions>
                </line>
                <line number="544" hits="0" branch="False" />
                <line number="546" hits="9" branch="False" />
              </lines>
            </method>
            <method name="GetLockoutEnabledAsync" signature="(TUser,System.Threading.CancellationToken)" line-rate="0.8" branch-rate="0.5">
              <lines>
                <line number="559" hits="35" branch="False" />
                <line number="560" hits="35" branch="False" />
                <line number="561" hits="35" branch="True" condition-coverage="50% (1/2)">
                  <conditions>
                    <condition number="19" type="jump" coverage="50%" />
                  </conditions>
                </line>
                <line number="563" hits="0" branch="False" />
                <line number="565" hits="35" branch="False" />
              </lines>
            </method>
            <method name="SetLockoutEnabledAsync" signature="(TUser,System.Boolean,System.Threading.CancellationToken)" line-rate="0.8332999999999999" branch-rate="0.5">
              <lines>
                <line number="577" hits="115" branch="False" />
                <line number="578" hits="115" branch="False" />
                <line number="579" hits="115" branch="True" condition-coverage="50% (1/2)">
                  <conditions>
                    <condition number="19" type="jump" coverage="50%" />
                  </conditions>
                </line>
                <line number="581" hits="0" branch="False" />
                <line number="583" hits="115" branch="False" />
                <line number="584" hits="115" branch="False" />
              </lines>
            </method>
            <method name="SetPhoneNumberAsync" signature="(TUser,System.String,System.Threading.CancellationToken)" line-rate="0.8332999999999999" branch-rate="0.5">
              <lines>
                <line number="596" hits="5" branch="False" />
                <line number="597" hits="5" branch="False" />
                <line number="598" hits="5" branch="True" condition-coverage="50% (1/2)">
                  <conditions>
                    <condition number="19" type="jump" coverage="50%" />
                  </conditions>
                </line>
                <line number="600" hits="0" branch="False" />
                <line number="602" hits="5" branch="False" />
                <line number="603" hits="5" branch="False" />
              </lines>
            </method>
            <method name="GetPhoneNumberAsync" signature="(TUser,System.Threading.CancellationToken)" line-rate="0.8" branch-rate="0.5">
              <lines>
                <line number="614" hits="28" branch="False" />
                <line number="615" hits="28" branch="False" />
                <line number="616" hits="28" branch="True" condition-coverage="50% (1/2)">
                  <conditions>
                    <condition number="19" type="jump" coverage="50%" />
                  </conditions>
                </line>
                <line number="618" hits="0" branch="False" />
                <line number="620" hits="28" branch="False" />
              </lines>
            </method>
            <method name="GetPhoneNumberConfirmedAsync" signature="(TUser,System.Threading.CancellationToken)" line-rate="0.8" branch-rate="0.5">
              <lines>
                <line number="634" hits="12" branch="False" />
                <line number="635" hits="12" branch="False" />
                <line number="636" hits="12" branch="True" condition-coverage="50% (1/2)">
                  <conditions>
                    <condition number="19" type="jump" coverage="50%" />
                  </conditions>
                </line>
                <line number="638" hits="0" branch="False" />
                <line number="640" hits="12" branch="False" />
              </lines>
            </method>
            <method name="SetPhoneNumberConfirmedAsync" signature="(TUser,System.Boolean,System.Threading.CancellationToken)" line-rate="0.8332999999999999" branch-rate="0.5">
              <lines>
                <line number="652" hits="5" branch="False" />
                <line number="653" hits="5" branch="False" />
                <line number="654" hits="5" branch="True" condition-coverage="50% (1/2)">
                  <conditions>
                    <condition number="19" type="jump" coverage="50%" />
                  </conditions>
                </line>
                <line number="656" hits="0" branch="False" />
                <line number="658" hits="5" branch="False" />
                <line number="659" hits="5" branch="False" />
              </lines>
            </method>
            <method name="SetSecurityStampAsync" signature="(TUser,System.String,System.Threading.CancellationToken)" line-rate="0.75" branch-rate="0.5">
              <lines>
                <line number="671" hits="176" branch="False" />
                <line number="672" hits="176" branch="False" />
                <line number="673" hits="176" branch="True" condition-coverage="50% (1/2)">
                  <conditions>
                    <condition number="19" type="jump" coverage="50%" />
                  </conditions>
                </line>
                <line number="675" hits="0" branch="False" />
                <line number="677" hits="176" branch="True" condition-coverage="50% (1/2)">
                  <conditions>
                    <condition number="33" type="jump" coverage="50%" />
                  </conditions>
                </line>
                <line number="679" hits="0" branch="False" />
                <line number="681" hits="176" branch="False" />
                <line number="682" hits="176" branch="False" />
              </lines>
            </method>
            <method name="GetSecurityStampAsync" signature="(TUser,System.Threading.CancellationToken)" line-rate="0.8" branch-rate="0.5">
              <lines>
                <line number="693" hits="372" branch="False" />
                <line number="694" hits="372" branch="False" />
                <line number="695" hits="372" branch="True" condition-coverage="50% (1/2)">
                  <conditions>
                    <condition number="19" type="jump" coverage="50%" />
                  </conditions>
                </line>
                <line number="697" hits="0" branch="False" />
                <line number="699" hits="372" branch="False" />
              </lines>
            </method>
            <method name="SetTwoFactorEnabledAsync" signature="(TUser,System.Boolean,System.Threading.CancellationToken)" line-rate="0.8332999999999999" branch-rate="0.5">
              <lines>
                <line number="712" hits="1" branch="False" />
                <line number="713" hits="1" branch="False" />
                <line number="714" hits="1" branch="True" condition-coverage="50% (1/2)">
                  <conditions>
                    <condition number="19" type="jump" coverage="50%" />
                  </conditions>
                </line>
                <line number="716" hits="0" branch="False" />
                <line number="718" hits="1" branch="False" />
                <line number="719" hits="1" branch="False" />
              </lines>
            </method>
            <method name="GetTwoFactorEnabledAsync" signature="(TUser,System.Threading.CancellationToken)" line-rate="0.8" branch-rate="0.5">
              <lines>
                <line number="734" hits="1" branch="False" />
                <line number="735" hits="1" branch="False" />
                <line number="736" hits="1" branch="True" condition-coverage="50% (1/2)">
                  <conditions>
                    <condition number="19" type="jump" coverage="50%" />
                  </conditions>
                </line>
                <line number="738" hits="0" branch="False" />
                <line number="740" hits="1" branch="False" />
              </lines>
            </method>
            <method name="SetAuthenticatorKeyAsync" signature="(TUser,System.String,System.Threading.CancellationToken)" line-rate="1" branch-rate="1">
              <lines>
                <line number="831" hits="2" branch="False" />
              </lines>
            </method>
            <method name="GetAuthenticatorKeyAsync" signature="(TUser,System.Threading.CancellationToken)" line-rate="1" branch-rate="1">
              <lines>
                <line number="840" hits="6" branch="False" />
              </lines>
            </method>
            <method name="ReplaceCodesAsync" signature="(TUser,System.Collections.Generic.IEnumerable`1&lt;System.String&gt;,System.Threading.CancellationToken)" line-rate="1" branch-rate="1">
              <lines>
                <line number="874" hits="33" branch="False" />
                <line number="875" hits="33" branch="False" />
              </lines>
            </method>
            <method name="Dispose" signature="()" line-rate="0" branch-rate="1">
              <lines>
                <line number="916" hits="0" branch="False" />
                <line number="917" hits="0" branch="False" />
              </lines>
            </method>
            <method name="CreateUserClaim" signature="(TUser,System.Security.Claims.Claim)" line-rate="1" branch-rate="1">
              <lines>
                <line number="971" hits="15" branch="False" />
                <line number="972" hits="15" branch="False" />
                <line number="973" hits="15" branch="False" />
              </lines>
            </method>
            <method name="CreateUserLogin" signature="(TUser,Microsoft.AspNetCore.Identity.UserLoginInfo)" line-rate="1" branch-rate="1">
              <lines>
                <line number="984" hits="4" branch="False" />
                <line number="985" hits="4" branch="False" />
                <line number="986" hits="4" branch="False" />
                <line number="987" hits="4" branch="False" />
                <line number="988" hits="4" branch="False" />
                <line number="989" hits="4" branch="False" />
                <line number="990" hits="4" branch="False" />
              </lines>
            </method>
            <method name="CreateUserToken" signature="(TUser,System.String,System.String,System.String)" line-rate="1" branch-rate="1">
              <lines>
                <line number="1003" hits="5" branch="False" />
                <line number="1004" hits="5" branch="False" />
                <line number="1005" hits="5" branch="False" />
                <line number="1006" hits="5" branch="False" />
                <line number="1007" hits="5" branch="False" />
                <line number="1008" hits="5" branch="False" />
                <line number="1009" hits="5" branch="False" />
              </lines>
            </method>
            <method name="ThrowIfDisposed" signature="()" line-rate="0.6666" branch-rate="0.5">
              <lines>
                <line number="1017" hits="4179" branch="True" condition-coverage="50% (1/2)">
                  <conditions>
                    <condition number="6" type="jump" coverage="50%" />
                  </conditions>
                </line>
                <line number="1019" hits="0" branch="False" />
                <line number="1021" hits="4179" branch="False" />
              </lines>
            </method>
            <method name="ConvertIdFromString" signature="(System.String)" line-rate="0.6666" branch-rate="0.5">
              <lines>
                <line number="1030" hits="120" branch="True" condition-coverage="50% (1/2)">
                  <conditions>
                    <condition number="1" type="jump" coverage="50%" />
                  </conditions>
                </line>
                <line number="1032" hits="0" branch="False" />
                <line number="1034" hits="120" branch="False" />
              </lines>
            </method>
            <method name="ConvertIdToString" signature="(TKey)" line-rate="0.6666" branch-rate="0.5">
              <lines>
                <line number="1044" hits="1638" branch="True" condition-coverage="50% (1/2)">
                  <conditions>
                    <condition number="25" type="jump" coverage="50%" />
                  </conditions>
                </line>
                <line number="1046" hits="0" branch="False" />
                <line number="1048" hits="1638" branch="False" />
              </lines>
            </method>
            <method name="Dispose" signature="(System.Boolean)" line-rate="0" branch-rate="1">
              <lines>
                <line number="1053" hits="0" branch="False" />
                <line number="1054" hits="0" branch="False" />
              </lines>
            </method>
            <method name=".ctor" signature="(Microsoft.AspNetCore.Identity.IdentityErrorDescriber)" line-rate="0.8" branch-rate="0.5">
              <lines>
                <line number="61" hits="192" branch="False" />
                <line number="63" hits="192" branch="True" condition-coverage="50% (1/2)">
                  <conditions>
                    <condition number="7" type="jump" coverage="50%" />
                  </conditions>
                </line>
                <line number="65" hits="0" branch="False" />
                <line number="68" hits="192" branch="False" />
                <line number="69" hits="192" branch="False" />
              </lines>
            </method>
          </methods>
          <lines>
            <line number="50" hits="192" branch="False" />
            <line number="227" hits="5" branch="False" />
            <line number="228" hits="5" branch="False" />
            <line number="229" hits="5" branch="True" condition-coverage="50% (1/2)">
              <conditions>
                <condition number="19" type="jump" coverage="50%" />
              </conditions>
            </line>
            <line number="231" hits="0" branch="False" />
            <line number="233" hits="5" branch="False" />
            <line number="234" hits="5" branch="False" />
            <line number="245" hits="467" branch="False" />
            <line number="246" hits="467" branch="False" />
            <line number="247" hits="467" branch="True" condition-coverage="50% (1/2)">
              <conditions>
                <condition number="19" type="jump" coverage="50%" />
              </conditions>
            </line>
            <line number="249" hits="0" branch="False" />
            <line number="252" hits="467" branch="False" />
            <line number="263" hits="579" branch="False" />
            <line number="264" hits="579" branch="False" />
            <line number="265" hits="579" branch="True" condition-coverage="50% (1/2)">
              <conditions>
                <condition number="19" type="jump" coverage="50%" />
              </conditions>
            </line>
            <line number="267" hits="0" branch="False" />
            <line number="269" hits="579" branch="False" />
            <line number="280" hits="0" branch="False" />
            <line number="281" hits="0" branch="False" />
            <line number="282" hits="0" branch="True" condition-coverage="0% (0/2)">
              <conditions>
                <condition number="19" type="jump" coverage="0%" />
              </conditions>
            </line>
            <line number="284" hits="0" branch="False" />
            <line number="286" hits="0" branch="False" />
            <line number="298" hits="17" branch="False" />
            <line number="299" hits="17" branch="False" />
            <line number="300" hits="17" branch="True" condition-coverage="50% (1/2)">
              <conditions>
                <condition number="19" type="jump" coverage="50%" />
              </conditions>
            </line>
            <line number="302" hits="0" branch="False" />
            <line number="304" hits="17" branch="False" />
            <line number="305" hits="17" branch="False" />
            <line number="316" hits="22" branch="False" />
            <line number="317" hits="22" branch="False" />
            <line number="318" hits="22" branch="True" condition-coverage="50% (1/2)">
              <conditions>
                <condition number="19" type="jump" coverage="50%" />
              </conditions>
            </line>
            <line number="320" hits="0" branch="False" />
            <line number="322" hits="22" branch="False" />
            <line number="334" hits="5" branch="False" />
            <line number="335" hits="5" branch="False" />
            <line number="372" hits="21" branch="False" />
            <line number="373" hits="21" branch="False" />
            <line number="374" hits="21" branch="True" condition-coverage="50% (1/2)">
              <conditions>
                <condition number="19" type="jump" coverage="50%" />
              </conditions>
            </line>
            <line number="376" hits="0" branch="False" />
            <line number="378" hits="21" branch="False" />
            <line number="390" hits="21" branch="False" />
            <line number="391" hits="21" branch="False" />
            <line number="392" hits="21" branch="True" condition-coverage="50% (1/2)">
              <conditions>
                <condition number="19" type="jump" coverage="50%" />
              </conditions>
            </line>
            <line number="394" hits="0" branch="False" />
            <line number="396" hits="21" branch="False" />
            <line number="397" hits="21" branch="False" />
            <line number="409" hits="18" branch="False" />
            <line number="410" hits="18" branch="False" />
            <line number="411" hits="18" branch="True" condition-coverage="50% (1/2)">
              <conditions>
                <condition number="19" type="jump" coverage="50%" />
              </conditions>
            </line>
            <line number="413" hits="0" branch="False" />
            <line number="415" hits="18" branch="False" />
            <line number="416" hits="18" branch="False" />
            <line number="427" hits="311" branch="False" />
            <line number="428" hits="311" branch="False" />
            <line number="429" hits="311" branch="True" condition-coverage="50% (1/2)">
              <conditions>
                <condition number="19" type="jump" coverage="50%" />
              </conditions>
            </line>
            <line number="431" hits="0" branch="False" />
            <line number="433" hits="311" branch="False" />
            <line number="446" hits="0" branch="False" />
            <line number="447" hits="0" branch="False" />
            <line number="448" hits="0" branch="True" condition-coverage="0% (0/2)">
              <conditions>
                <condition number="19" type="jump" coverage="0%" />
              </conditions>
            </line>
            <line number="450" hits="0" branch="False" />
            <line number="452" hits="0" branch="False" />
            <line number="467" hits="30" branch="False" />
            <line number="468" hits="30" branch="False" />
            <line number="469" hits="30" branch="True" condition-coverage="50% (1/2)">
              <conditions>
                <condition number="19" type="jump" coverage="50%" />
              </conditions>
            </line>
            <line number="471" hits="0" branch="False" />
            <line number="473" hits="30" branch="False" />
            <line number="485" hits="8" branch="False" />
            <line number="486" hits="8" branch="False" />
            <line number="487" hits="8" branch="True" condition-coverage="50% (1/2)">
              <conditions>
                <condition number="19" type="jump" coverage="50%" />
              </conditions>
            </line>
            <line number="489" hits="0" branch="False" />
            <line number="491" hits="8" branch="False" />
            <line number="492" hits="8" branch="False" />
[...]
              </conditions>
            </line>
            <line number="463" hits="0" branch="False" />
            <line number="466" hits="132" branch="True" condition-coverage="100% (2/2)">
              <conditions>
                <condition number="200" type="jump" coverage="100%" />
              </conditions>
            </line>
            <line number="467" hits="132" branch="False" />
          </lines>
        </class>
        <class name="Aguacongas.Identity.Redis.UserStore`8/&lt;&gt;c__DisplayClass33_0" filename="C:\Projects\Perso\Identity.Redis\src\Aguacongas.Identity.Redis\UserStore.cs" line-rate="1" branch-rate="1" complexity="1">
          <methods>
            <method name="&lt;FindUserRoleAsync&gt;b__0" signature="(TUserRole)" line-rate="1" branch-rate="1">
              <lines>
                <line number="479" hits="205" branch="False" />
              </lines>
            </method>
          </methods>
          <lines>
            <line number="479" hits="205" branch="False" />
          </lines>
        </class>
        <class name="Aguacongas.Identity.Redis.UserStore`8/&lt;FindUserRoleAsync&gt;d__33" filename="C:\Projects\Perso\Identity.Redis\src\Aguacongas.Identity.Redis\UserStore.cs" line-rate="1" branch-rate="1" complexity="2">
          <methods>
            <method name="MoveNext" signature="()" line-rate="1" branch-rate="1">
              <lines>
                <line number="478" hits="85" branch="True" condition-coverage="100% (2/2)">
                  <conditions>
                    <condition number="87" type="jump" coverage="100%" />
                  </conditions>
                </line>
                <line number="480" hits="85" branch="False" />
              </lines>
            </method>
          </methods>
          <lines>
            <line number="478" hits="85" branch="True" condition-coverage="100% (2/2)">
              <conditions>
                <condition number="87" type="jump" coverage="100%" />
              </conditions>
            </line>
            <line number="480" hits="85" branch="False" />
          </lines>
        </class>
        <class name="Aguacongas.Identity.Redis.UserStore`8/&lt;FindRoleByIdAsync&gt;d__40" filename="C:\Projects\Perso\Identity.Redis\src\Aguacongas.Identity.Redis\UserStore.cs" line-rate="0.8887999999999999" branch-rate="1" complexity="7">
          <methods>
            <method name="MoveNext" signature="()" line-rate="0.8887999999999999" branch-rate="1">
              <lines>
                <line number="539" hits="148" branch="True" condition-coverage="100% (2/2)">
                  <conditions>
                    <condition number="19" type="jump" coverage="100%" />
                  </conditions>
                </line>
                <line number="540" hits="148" branch="False" />
                <line number="542" hits="148" branch="True" condition-coverage="100% (2/2)">
                  <conditions>
                    <condition number="88" type="jump" coverage="100%" />
                  </conditions>
                </line>
                <line number="543" hits="148" branch="True" condition-coverage="100% (1/1)">
                  <conditions>
                    <condition number="170" type="jump" coverage="100%" />
                  </conditions>
                </line>
                <line number="545" hits="148" branch="False" />
                <line number="546" hits="148" branch="True" condition-coverage="100% (2/2)">
                  <conditions>
                    <condition number="251" type="jump" coverage="100%" />
                  </conditions>
                </line>
                <line number="548" hits="148" branch="False" />
                <line number="550" hits="0" branch="False" />
                <line number="551" hits="148" branch="False" />
              </lines>
            </method>
          </methods>
          <lines>
            <line number="539" hits="148" branch="True" condition-coverage="100% (2/2)">
              <conditions>
                <condition number="19" type="jump" coverage="100%" />
              </conditions>
            </line>
            <line number="540" hits="148" branch="False" />
            <line number="542" hits="148" branch="True" condition-coverage="100% (2/2)">
              <conditions>
                <condition number="88" type="jump" coverage="100%" />
              </conditions>
            </line>
            <line number="543" hits="148" branch="True" condition-coverage="100% (1/1)">
              <conditions>
                <condition number="170" type="jump" coverage="100%" />
              </conditions>
            </line>
            <line number="545" hits="148" branch="False" />
            <line number="546" hits="148" branch="True" condition-coverage="100% (2/2)">
              <conditions>
                <condition number="251" type="jump" coverage="100%" />
              </conditions>
            </line>
            <line number="548" hits="148" branch="False" />
            <line number="550" hits="0" branch="False" />
            <line number="551" hits="148" branch="False" />
          </lines>
        </class>
        <class name="Aguacongas.Identity.Redis.UserStore`8/&lt;GetUserRolesAsync&gt;d__41" filename="C:\Projects\Perso\Identity.Redis\src\Aguacongas.Identity.Redis\UserStore.cs" line-rate="1" branch-rate="1" complexity="4">
          <methods>
            <method name="MoveNext" signature="()" line-rate="1" branch-rate="1">
              <lines>
                <line number="555" hits="136" branch="True" condition-coverage="100% (2/2)">
                  <conditions>
                    <condition number="64" type="jump" coverage="100%" />
                  </conditions>
                </line>
                <line number="556" hits="136" branch="True" condition-coverage="100% (2/2)">
                  <conditions>
                    <condition number="143" type="jump" coverage="100%" />
                  </conditions>
                </line>
                <line number="558" hits="98" branch="False" />
                <line number="561" hits="38" branch="False" />
                <line number="562" hits="136" branch="False" />
              </lines>
            </method>
          </methods>
          <lines>
            <line number="555" hits="136" branch="True" condition-coverage="100% (2/2)">
              <conditions>
                <condition number="64" type="jump" coverage="100%" />
              </conditions>
            </line>
            <line number="556" hits="136" branch="True" condition-coverage="100% (2/2)">
              <conditions>
                <condition number="143" type="jump" coverage="100%" />
              </conditions>
            </line>
            <line number="558" hits="98" branch="False" />
            <line number="561" hits="38" branch="False" />
            <line number="562" hits="136" branch="False" />
          </lines>
        </class>
        <class name="Microsoft.Extensions.DependencyInjection.IdentityBuilderExtensions" filename="C:\Projects\Perso\Identity.Redis\src\Aguacongas.Identity.Redis\IdentityBuilderExtensions.cs" line-rate="0" branch-rate="0" complexity="21">
          <methods>
            <method name="AddRedisStores" signature="(Microsoft.AspNetCore.Identity.IdentityBuilder,System.Func`2&lt;System.IServiceProvider,StackExchange.Redis.IDatabase&gt;)" line-rate="0" branch-rate="1">
              <lines>
                <line number="29" hits="0" branch="False" />
                <line number="31" hits="0" branch="False" />
              </lines>
            </method>
            <method name="AddRedisStores" signature="(Microsoft.AspNetCore.Identity.IdentityBuilder,System.Action`1&lt;StackExchange.Redis.ConfigurationOptions&gt;,System.Nullable`1&lt;System.Int32&gt;)" line-rate="0" branch-rate="0">
              <lines>
                <line number="43" hits="0" branch="False" />
                <line number="45" hits="0" branch="True" condition-coverage="0% (0/2)">
                  <conditions>
                    <condition number="31" type="jump" coverage="0%" />
                  </conditions>
                </line>
                <line number="46" hits="0" branch="False" />
                <line number="47" hits="0" branch="False" />
                <line number="48" hits="0" branch="False" />
                <line number="49" hits="0" branch="False" />
                <line number="50" hits="0" branch="False" />
                <line number="51" hits="0" branch="False" />
                <line number="53" hits="0" branch="False" />
                <line number="54" hits="0" branch="False" />
                <line number="55" hits="0" branch="False" />
                <line number="56" hits="0" branch="False" />
                <line number="57" hits="0" branch="False" />
                <line number="58" hits="0" branch="False" />
              </lines>
            </method>
            <method name="AddRedisStores" signature="(Microsoft.AspNetCore.Identity.IdentityBuilder,System.String,System.Nullable`1&lt;System.Int32&gt;)" line-rate="0" branch-rate="1">
              <lines>
                <line number="71" hits="0" branch="False" />
                <line number="73" hits="0" branch="False" />
                <line number="74" hits="0" branch="False" />
                <line number="75" hits="0" branch="False" />
                <line number="76" hits="0" branch="False" />
                <line number="77" hits="0" branch="False" />
                <line number="78" hits="0" branch="False" />
                <line number="80" hits="0" branch="False" />
                <line number="81" hits="0" branch="False" />
                <line number="82" hits="0" branch="False" />
                <line number="83" hits="0" branch="False" />
                <line number="84" hits="0" branch="False" />
                <line number="85" hits="0" branch="False" />
              </lines>
            </method>
            <method name="CreateLogger" signature="(System.IServiceProvider)" line-rate="0" branch-rate="0">
              <lines>
                <line number="90" hits="0" branch="False" />
                <line number="91" hits="0" branch="True" condition-coverage="0% (0/2)">
                  <conditions>
                    <condition number="8" type="jump" coverage="0%" />
                  </conditions>
                </line>
                <line number="92" hits="0" branch="False" />
              </lines>
            </method>
            <method name="AddStores" signature="(Microsoft.Extensions.DependencyInjection.IServiceCollection,System.Type,System.Type,System.Func`2&lt;System.IServiceProvider,StackExchange.Redis.IDatabase&gt;)" line-rate="0" branch-rate="0">
              <lines>
                <line number="97" hits="0" branch="False" />
                <line number="98" hits="0" branch="True" condition-coverage="0% (0/2)">
                  <conditions>
                    <condition number="36" type="jump" coverage="0%" />
                  </conditions>
                </line>
                <line number="100" hits="0" branch="False" />
                <line number="103" hits="0" branch="False" />
                <line number="105" hits="0" branch="False" />
                <line number="107" hits="0" branch="True" condition-coverage="0% (0/2)">
                  <conditions>
                    <condition number="99" type="jump" coverage="0%" />
                  </conditions>
                </line>
                <line number="109" hits="0" branch="False" />
                <line number="110" hits="0" branch="True" condition-coverage="0% (0/2)">
                  <conditions>
                    <condition number="139" type="jump" coverage="0%" />
                  </conditions>
                </line>
                <line number="112" hits="0" branch="False" />
                <line number="115" hits="0" branch="False" />
                <line number="116" hits="0" branch="False" />
                <line number="118" hits="0" branch="False" />
                <line number="119" hits="0" branch="False" />
                <line number="120" hits="0" branch="False" />
                <line number="121" hits="0" branch="False" />
                <line number="122" hits="0" branch="False" />
                <line number="125" hits="0" branch="False" />
                <line number="127" hits="0" branch="False" />
              </lines>
            </method>
            <method name="CreateStoreInstance" signature="(System.Type,StackExchange.Redis.IDatabase,Microsoft.AspNetCore.Identity.IdentityErrorDescriber)" line-rate="0" branch-rate="1">
              <lines>
                <line number="131" hits="0" branch="False" />
                <line number="132" hits="0" branch="False" />
              </lines>
            </method>
            <method name="FindGenericBaseType" signature="(System.Type,System.Type)" line-rate="0" branch-rate="0">
              <lines>
                <line number="137" hits="0" branch="False" />
                <line number="138" hits="0" branch="True" condition-coverage="0% (0/2)">
                  <conditions>
                    <condition number="63" type="jump" coverage="0%" />
                  </conditions>
                </line>
                <line number="140" hits="0" branch="False" />
                <line number="141" hits="0" branch="True" condition-coverage="0% (0/2)">
                  <conditions>
                    <condition number="17" type="jump" coverage="0%" />
                  </conditions>
                </line>
                <line number="142" hits="0" branch="True" condition-coverage="0% (0/4)">
                  <conditions>
                    <condition number="36" type="jump" coverage="0%" />
                    <condition number="45" type="jump" coverage="0%" />
                  </conditions>
                </line>
                <line number="144" hits="0" branch="False" />
                <line number="146" hits="0" branch="False" />
                <line number="148" hits="0" branch="False" />
              </lines>
            </method>
          </methods>
          <lines>
            <line number="29" hits="0" branch="False" />
            <line number="31" hits="0" branch="False" />
            <line number="43" hits="0" branch="False" />
            <line number="45" hits="0" branch="True" condition-coverage="0% (0/2)">
              <conditions>
                <condition number="31" type="jump" coverage="0%" />
              </conditions>
            </line>
            <line number="46" hits="0" branch="False" />
            <line number="47" hits="0" branch="False" />
            <line number="48" hits="0" branch="False" />
            <line number="49" hits="0" branch="False" />
            <line number="50" hits="0" branch="False" />
            <line number="51" hits="0" branch="False" />
            <line number="53" hits="0" branch="False" />
            <line number="54" hits="0" branch="False" />
            <line number="55" hits="0" branch="False" />
            <line number="56" hits="0" branch="False" />
            <line number="57" hits="0" branch="False" />
            <line number="58" hits="0" branch="False" />
            <line number="71" hits="0" branch="False" />
            <line number="73" hits="0" branch="False" />
            <line number="74" hits="0" branch="False" />
            <line number="75" hits="0" branch="False" />
            <line number="76" hits="0" branch="False" />
            <line number="77" hits="0" branch="False" />
            <line number="78" hits="0" branch="False" />
            <line number="80" hits="0" branch="False" />
            <line number="81" hits="0" branch="False" />
            <line number="82" hits="0" branch="False" />
            <line number="83" hits="0" branch="False" />
            <line number="84" hits="0" branch="False" />
            <line number="85" hits="0" branch="False" />
            <line number="90" hits="0" branch="False" />
            <line number="91" hits="0" branch="True" condition-coverage="0% (0/2)">
              <conditions>
                <condition number="8" type="jump" coverage="0%" />
              </conditions>
            </line>
            <line number="92" hits="0" branch="False" />
            <line number="97" hits="0" branch="False" />
            <line number="98" hits="0" branch="True" condition-coverage="0% (0/2)">
              <conditions>
                <condition number="36" type="jump" coverage="0%" />
              </conditions>
            </line>
            <line number="100" hits="0" branch="False" />
            <line number="103" hits="0" branch="False" />
            <line number="105" hits="0" branch="False" />
            <line number="107" hits="0" branch="True" condition-coverage="0% (0/2)">
              <conditions>
                <condition number="99" type="jump" coverage="0%" />
              </conditions>
            </line>
            <line number="109" hits="0" branch="False" />
            <line number="110" hits="0" branch="True" condition-coverage="0% (0/2)">
              <conditions>
                <condition number="139" type="jump" coverage="0%" />
              </conditions>
            </line>
            <line number="112" hits="0" branch="False" />
            <line number="115" hits="0" branch="False" />
            <line number="116" hits="0" branch="False" />
            <line number="118" hits="0" branch="False" />
            <line number="119" hits="0" branch="False" />
            <line number="120" hits="0" branch="False" />
            <line number="121" hits="0" branch="False" />
            <line number="122" hits="0" branch="False" />
            <line number="125" hits="0" branch="False" />
            <line number="127" hits="0" branch="False" />
            <line number="131" hits="0" branch="False" />
            <line number="132" hits="0" branch="False" />
            <line number="137" hits="0" branch="False" />
            <line number="138" hits="0" branch="True" condition-coverage="0% (0/2)">
              <conditions>
                <condition number="63" type="jump" coverage="0%" />
              </conditions>
            </line>
            <line number="140" hits="0" branch="False" />
            <line number="141" hits="0" branch="True" condition-coverage="0% (0/2)">
              <conditions>
                <condition number="17" type="jump" coverage="0%" />
              </conditions>
            </line>
            <line number="142" hits="0" branch="True" condition-coverage="0% (0/4)">
              <conditions>
                <condition number="36" type="jump" coverage="0%" />
                <condition number="45" type="jump" coverage="0%" />
              </conditions>
            </line>
            <line number="144" hits="0" branch="False" />
            <line number="146" hits="0" branch="False" />
            <line number="148" hits="0" branch="False" />
          </lines>
        </class>
        <class name="Microsoft.Extensions.DependencyInjection.IdentityBuilderExtensions/&lt;&gt;c__DisplayClass1_0" filename="C:\Projects\Perso\Identity.Redis\src\Aguacongas.Identity.Redis\IdentityBuilderExtensions.cs" line-rate="1" branch-rate="0" complexity="4">
          <methods />
          <lines />
        </class>
        <class name="Microsoft.Extensions.DependencyInjection.IdentityBuilderExtensions/&lt;&gt;c__DisplayClass2_0" filename="C:\Projects\Perso\Identity.Redis\src\Aguacongas.Identity.Redis\IdentityBuilderExtensions.cs" line-rate="1" branch-rate="0" complexity="2">
          <methods />
          <lines />
        </class>
      </classes>
    </package>
  </packages>
</coverage>